<?xml version="1.0" encoding="UTF-8"?>
<testng-results ignored="0" total="1" passed="1" failed="0" skipped="0">
  <reporter-output>
  </reporter-output>
  <suite started-at="2022-03-10T09:43:56Z" name="Default suite" finished-at="2022-03-10T09:43:56Z" duration-ms="46">
    <groups>
    </groups>
    <test started-at="2022-03-10T09:43:56Z" name="Default test" finished-at="2022-03-10T09:43:56Z" duration-ms="46">
      <class name="TestToGithub.TestingForGitHub">
        <test-method signature="connectToGitHub()[pri:0, instance:TestToGithub.TestingForGitHub@5be49b60]" started-at="2022-03-10T09:43:56Z" name="connectToGitHub" finished-at="2022-03-10T09:43:56Z" duration-ms="11" status="PASS">
          <reporter-output>
          </reporter-output>
        </test-method> <!-- connectToGitHub -->
      </class> <!-- TestToGithub.TestingForGitHub -->
    </test> <!-- Default test -->
  </suite> <!-- Default suite -->
</testng-results>
